2020-02-08 17:43:58.725  INFO 28392 --- [main] c.e.demo.controllers.UserControllerTest  : Starting UserControllerTest on Lynettes-MacBook-Pro.local with PID 28392 (started by lynettemidy in /Users/lynettemidy/Documents/Projects/P04-eCommerce Application/eCommerceFinal)
2020-02-08 17:43:58.734  INFO 28392 --- [main] c.e.demo.controllers.UserControllerTest  : No active profile set, falling back to default profiles: default
2020-02-08 17:43:59.414  INFO 28392 --- [main] .s.d.r.c.RepositoryConfigurationDelegate : Bootstrapping Spring Data repositories in DEFAULT mode.
2020-02-08 17:43:59.508  INFO 28392 --- [main] .s.d.r.c.RepositoryConfigurationDelegate : Finished Spring Data repository scanning in 80ms. Found 4 repository interfaces.
2020-02-08 17:44:00.184  INFO 28392 --- [main] trationDelegate$BeanPostProcessorChecker : Bean 'org.springframework.transaction.annotation.ProxyTransactionManagementConfiguration' of type [org.springframework.transaction.annotation.ProxyTransactionManagementConfiguration$$EnhancerBySpringCGLIB$$888cfae1] is not eligible for getting processed by all BeanPostProcessors (for example: not eligible for auto-proxying)
2020-02-08 17:44:00.429  INFO 28392 --- [main] com.zaxxer.hikari.HikariDataSource       : HikariPool-1 - Starting...
2020-02-08 17:44:00.758  INFO 28392 --- [main] com.zaxxer.hikari.HikariDataSource       : HikariPool-1 - Start completed.
2020-02-08 17:44:00.846  INFO 28392 --- [main] o.hibernate.jpa.internal.util.LogHelper  : HHH000204: Processing PersistenceUnitInfo [
	name: default
	...]
2020-02-08 17:44:00.964  INFO 28392 --- [main] org.hibernate.Version                    : HHH000412: Hibernate Core {5.3.10.Final}
2020-02-08 17:44:00.967  INFO 28392 --- [main] org.hibernate.cfg.Environment            : HHH000206: hibernate.properties not found
2020-02-08 17:44:01.180  INFO 28392 --- [main] o.hibernate.annotations.common.Version   : HCANN000001: Hibernate Commons Annotations {5.0.4.Final}
2020-02-08 17:44:01.373  INFO 28392 --- [main] org.hibernate.dialect.Dialect            : HHH000400: Using dialect: org.hibernate.dialect.H2Dialect
2020-02-08 17:44:02.458  INFO 28392 --- [main] j.LocalContainerEntityManagerFactoryBean : Initialized JPA EntityManagerFactory for persistence unit 'default'
2020-02-08 17:44:03.345  INFO 28392 --- [main] o.s.s.web.DefaultSecurityFilterChain     : Creating filter chain: any request, [org.springframework.security.web.context.request.async.WebAsyncManagerIntegrationFilter@779228dc, org.springframework.security.web.context.SecurityContextPersistenceFilter@1846ad0f, org.springframework.security.web.header.HeaderWriterFilter@37bda983, org.springframework.web.filter.CorsFilter@1f7336b2, org.springframework.security.web.authentication.logout.LogoutFilter@3d6778d5, com.example.demo.security.JWTAuthenticationFilter@4c030fe1, com.example.demo.security.JWTAuthenticationVerificationFilter@347123dc, org.springframework.security.web.savedrequest.RequestCacheAwareFilter@31b741e2, org.springframework.security.web.servletapi.SecurityContextHolderAwareRequestFilter@2d9de284, org.springframework.security.web.authentication.AnonymousAuthenticationFilter@52433946, org.springframework.security.web.session.SessionManagementFilter@1201e064, org.springframework.security.web.access.ExceptionTranslationFilter@55e91e61, org.springframework.security.web.access.intercept.FilterSecurityInterceptor@4813d0]
2020-02-08 17:44:03.905  INFO 28392 --- [main] o.s.s.concurrent.ThreadPoolTaskExecutor  : Initializing ExecutorService 'applicationTaskExecutor'
2020-02-08 17:44:03.965  WARN 28392 --- [main] aWebConfiguration$JpaWebMvcConfiguration : spring.jpa.open-in-view is enabled by default. Therefore, database queries may be performed during view rendering. Explicitly configure spring.jpa.open-in-view to disable this warning
2020-02-08 17:44:04.314  INFO 28392 --- [main] o.s.b.t.m.w.SpringBootMockServletContext : Initializing Spring TestDispatcherServlet ''
2020-02-08 17:44:04.314  INFO 28392 --- [main] o.s.t.web.servlet.TestDispatcherServlet  : Initializing Servlet ''
2020-02-08 17:44:04.325  INFO 28392 --- [main] o.s.t.web.servlet.TestDispatcherServlet  : Completed initialization in 11 ms
2020-02-08 17:44:04.351  INFO 28392 --- [main] c.e.demo.controllers.UserControllerTest  : Started UserControllerTest in 6.167 seconds (JVM running for 7.753)
2020-02-08 17:44:04.606  INFO 28392 --- [main] c.e.demo.controllers.UserController      : Creating user username
2020-02-08 17:44:04.606  INFO 28392 --- [main] c.e.demo.controllers.UserController      : User created successfully
2020-02-08 17:44:04.612  INFO 28392 --- [main] c.e.demo.controllers.UserController      : Creating user username
2020-02-08 17:44:04.612 ERROR 28392 --- [main] c.e.demo.controllers.UserController      : Error with user password. Cannot create user username
2020-02-08 17:44:04.622  INFO 28392 --- [main] c.e.demo.controllers.UserController      : Creating user username
2020-02-08 17:44:04.623 ERROR 28392 --- [main] c.e.demo.controllers.UserController      : Error with user password. Cannot create user username
2020-02-08 17:44:04.714  INFO 28392 --- [main] c.e.demo.controllers.UserController      : Item(s) added to cart successfully
2020-02-08 17:44:04.721 ERROR 28392 --- [main] c.e.demo.controllers.UserController      : while adding item to cart, username not found.
2020-02-08 17:44:04.733 ERROR 28392 --- [main] c.e.demo.controllers.UserController      : while removing item to cart, username not found.
2020-02-08 17:44:04.744  INFO 28392 --- [main] c.e.demo.controllers.UserController      : removed from cart successfully
2020-02-08 17:44:04.754 ERROR 28392 --- [main] c.e.demo.controllers.UserController      : while adding item to cart, username not found.
2020-02-08 17:44:04.784 ERROR 28392 --- [main] c.e.demo.controllers.UserController      : while removing item to cart, username not found.
2020-02-08 17:44:04.851 ERROR 28392 --- [main] c.e.demo.controllers.UserController      : username not found, when retrieving history
2020-02-08 17:44:04.862  INFO 28392 --- [main] c.e.demo.controllers.UserController      : order history retrieved successfully for: username
2020-02-08 17:44:04.871  INFO 28392 --- [main] c.e.demo.controllers.UserController      : order submitted successfully
2020-02-08 17:44:04.879 ERROR 28392 --- [main] c.e.demo.controllers.UserController      : username not found during order submit
2020-02-08 17:44:04.909  INFO 28392 --- [main] c.e.demo.eCommerceApplicationTests       : Starting eCommerceApplicationTests on Lynettes-MacBook-Pro.local with PID 28392 (started by lynettemidy in /Users/lynettemidy/Documents/Projects/P04-eCommerce Application/eCommerceFinal)
2020-02-08 17:44:04.909  INFO 28392 --- [main] c.e.demo.eCommerceApplicationTests       : No active profile set, falling back to default profiles: default
2020-02-08 17:44:05.082  INFO 28392 --- [main] .s.d.r.c.RepositoryConfigurationDelegate : Bootstrapping Spring Data repositories in DEFAULT mode.
2020-02-08 17:44:05.093  INFO 28392 --- [main] .s.d.r.c.RepositoryConfigurationDelegate : Finished Spring Data repository scanning in 10ms. Found 4 repository interfaces.
2020-02-08 17:44:05.193  INFO 28392 --- [main] trationDelegate$BeanPostProcessorChecker : Bean 'org.springframework.transaction.annotation.ProxyTransactionManagementConfiguration' of type [org.springframework.transaction.annotation.ProxyTransactionManagementConfiguration$$EnhancerBySpringCGLIB$$888cfae1] is not eligible for getting processed by all BeanPostProcessors (for example: not eligible for auto-proxying)
2020-02-08 17:44:05.272  INFO 28392 --- [main] com.zaxxer.hikari.HikariDataSource       : HikariPool-2 - Starting...
2020-02-08 17:44:05.274  INFO 28392 --- [main] com.zaxxer.hikari.HikariDataSource       : HikariPool-2 - Start completed.
2020-02-08 17:44:05.291  INFO 28392 --- [main] o.hibernate.jpa.internal.util.LogHelper  : HHH000204: Processing PersistenceUnitInfo [
	name: default
	...]
2020-02-08 17:44:05.296  INFO 28392 --- [main] org.hibernate.dialect.Dialect            : HHH000400: Using dialect: org.hibernate.dialect.H2Dialect
2020-02-08 17:44:05.412  INFO 28392 --- [main] j.LocalContainerEntityManagerFactoryBean : Initialized JPA EntityManagerFactory for persistence unit 'default'
2020-02-08 17:44:05.646  INFO 28392 --- [main] o.s.s.web.DefaultSecurityFilterChain     : Creating filter chain: any request, [org.springframework.security.web.context.request.async.WebAsyncManagerIntegrationFilter@6fbcc078, org.springframework.security.web.context.SecurityContextPersistenceFilter@5308e79d, org.springframework.security.web.header.HeaderWriterFilter@4cb58e8b, org.springframework.web.filter.CorsFilter@6c851821, org.springframework.security.web.authentication.logout.LogoutFilter@522f0bb8, com.example.demo.security.JWTAuthenticationFilter@4c0930c4, com.example.demo.security.JWTAuthenticationVerificationFilter@75c0cd39, org.springframework.security.web.savedrequest.RequestCacheAwareFilter@2431050d, org.springframework.security.web.servletapi.SecurityContextHolderAwareRequestFilter@441016d6, org.springframework.security.web.authentication.AnonymousAuthenticationFilter@7cf66cf9, org.springframework.security.web.session.SessionManagementFilter@6f4f2cc0, org.springframework.security.web.access.ExceptionTranslationFilter@37b80ec7, org.springframework.security.web.access.intercept.FilterSecurityInterceptor@35744f8]
2020-02-08 17:44:05.838  INFO 28392 --- [main] o.s.s.concurrent.ThreadPoolTaskExecutor  : Initializing ExecutorService 'applicationTaskExecutor'
2020-02-08 17:44:05.848  WARN 28392 --- [main] aWebConfiguration$JpaWebMvcConfiguration : spring.jpa.open-in-view is enabled by default. Therefore, database queries may be performed during view rendering. Explicitly configure spring.jpa.open-in-view to disable this warning
2020-02-08 17:44:06.067  INFO 28392 --- [main] c.e.demo.eCommerceApplicationTests       : Started eCommerceApplicationTests in 1.181 seconds (JVM running for 9.469)
2020-02-08 17:44:06.113  INFO 28392 --- [Thread-6] o.s.s.concurrent.ThreadPoolTaskExecutor  : Shutting down ExecutorService 'applicationTaskExecutor'
2020-02-08 17:44:06.113  INFO 28392 --- [Thread-4] o.s.s.concurrent.ThreadPoolTaskExecutor  : Shutting down ExecutorService 'applicationTaskExecutor'
2020-02-08 17:44:06.115  INFO 28392 --- [Thread-6] j.LocalContainerEntityManagerFactoryBean : Closing JPA EntityManagerFactory for persistence unit 'default'
2020-02-08 17:44:06.115  INFO 28392 --- [Thread-4] j.LocalContainerEntityManagerFactoryBean : Closing JPA EntityManagerFactory for persistence unit 'default'
2020-02-08 17:44:06.117  INFO 28392 --- [Thread-6] com.zaxxer.hikari.HikariDataSource       : HikariPool-2 - Shutdown initiated...
2020-02-08 17:44:06.117  INFO 28392 --- [Thread-4] com.zaxxer.hikari.HikariDataSource       : HikariPool-1 - Shutdown initiated...
2020-02-08 17:44:06.121  INFO 28392 --- [Thread-4] com.zaxxer.hikari.HikariDataSource       : HikariPool-1 - Shutdown completed.
2020-02-08 17:44:06.121  INFO 28392 --- [Thread-6] com.zaxxer.hikari.HikariDataSource       : HikariPool-2 - Shutdown completed.
